  [1m[35m (6.5ms)[0m  [1m[35mCREATE DATABASE `article_development` DEFAULT CHARACTER SET `utf8mb4`[0m
  [1m[35m (2.2ms)[0m  [1m[35mCREATE DATABASE `article_test` DEFAULT CHARACTER SET `utf8mb4`[0m
  [1m[35m (57.4ms)[0m  [1m[35mCREATE TABLE `schema_migrations` (`version` varchar(255) NOT NULL PRIMARY KEY)[0m
  [1m[35m (20.2ms)[0m  [1m[35mCREATE TABLE `ar_internal_metadata` (`key` varchar(255) NOT NULL PRIMARY KEY, `value` varchar(255), `created_at` datetime(6) NOT NULL, `updated_at` datetime(6) NOT NULL)[0m
  [1m[35m (3.7ms)[0m  [1m[34mSELECT GET_LOCK('3112103595457663065', 0)[0m
  [1m[36mActiveRecord::SchemaMigration Load (0.6ms)[0m  [1m[34mSELECT `schema_migrations`.`version` FROM `schema_migrations` ORDER BY `schema_migrations`.`version` ASC[0m
  [1m[36mActiveRecord::InternalMetadata Load (0.4ms)[0m  [1m[34mSELECT * FROM `ar_internal_metadata` WHERE `ar_internal_metadata`.`key` = 'environment' ORDER BY `ar_internal_metadata`.`key` ASC LIMIT 1[0m
  [1m[36mActiveRecord::InternalMetadata Create (6.5ms)[0m  [1m[32mINSERT INTO `ar_internal_metadata` (`key`, `value`, `created_at`, `updated_at`) VALUES ('environment', 'development', '2024-01-30 11:18:09.515574', '2024-01-30 11:18:09.515578')[0m
  [1m[35m (1.7ms)[0m  [1m[34mSELECT RELEASE_LOCK('3112103595457663065')[0m
  [1m[36mActiveRecord::SchemaMigration Load (0.3ms)[0m  [1m[34mSELECT `schema_migrations`.`version` FROM `schema_migrations` ORDER BY `schema_migrations`.`version` ASC[0m
Started GET "/" for ::1 at 2024-01-31 09:52:14 +0530
  [1m[36mActiveRecord::SchemaMigration Load (56.4ms)[0m  [1m[34mSELECT `schema_migrations`.`version` FROM `schema_migrations` ORDER BY `schema_migrations`.`version` ASC[0m
Processing by Rails::WelcomeController#index as HTML
  Rendering /home/fathima/.rbenv/versions/3.2.0/lib/ruby/gems/3.2.0/gems/railties-7.1.3/lib/rails/templates/rails/welcome/index.html.erb
  Rendered /home/fathima/.rbenv/versions/3.2.0/lib/ruby/gems/3.2.0/gems/railties-7.1.3/lib/rails/templates/rails/welcome/index.html.erb (Duration: 1.6ms | Allocations: 375)
Completed 200 OK in 43ms (Views: 13.4ms | ActiveRecord: 0.0ms | Allocations: 7877)


Started GET "/serviceworker.js" for ::1 at 2024-01-31 09:52:16 +0530
  
ActionController::RoutingError (No route matches [GET] "/serviceworker.js"):
  
Started GET "/routes" for ::1 at 2024-01-31 09:52:26 +0530
  
ActionController::RoutingError (No route matches [GET] "/routes"):
  
Started GET "/serviceworker.js" for ::1 at 2024-01-31 09:52:28 +0530
  
ActionController::RoutingError (No route matches [GET] "/serviceworker.js"):
  
Started GET "/test/tets" for ::1 at 2024-01-31 09:54:19 +0530
  
ActionController::RoutingError (No route matches [GET] "/test/tets"):
  
Started GET "/serviceworker.js" for ::1 at 2024-01-31 09:54:21 +0530
  
ActionController::RoutingError (No route matches [GET] "/serviceworker.js"):
  
Started GET "/test/test" for ::1 at 2024-01-31 09:54:23 +0530
Processing by TestController#test as HTML
Completed 406 Not Acceptable in 1117ms (ActiveRecord: 0.0ms | Allocations: 894)


  
ActionController::MissingExactTemplate (TestController#test is missing a template for request formats: text/html):
  
actionpack (7.1.3) lib/action_controller/metal/implicit_render.rb:47:in `default_render'
actionpack (7.1.3) lib/action_controller/metal/basic_implicit_render.rb:7:in `send_action'
actionpack (7.1.3) lib/abstract_controller/base.rb:224:in `process_action'
actionpack (7.1.3) lib/action_controller/metal/rendering.rb:165:in `process_action'
actionpack (7.1.3) lib/abstract_controller/callbacks.rb:259:in `block in process_action'
activesupport (7.1.3) lib/active_support/callbacks.rb:121:in `block in run_callbacks'
actiontext (7.1.3) lib/action_text/rendering.rb:23:in `with_renderer'
actiontext (7.1.3) lib/action_text/engine.rb:69:in `block (4 levels) in <class:Engine>'
activesupport (7.1.3) lib/active_support/callbacks.rb:130:in `instance_exec'
activesupport (7.1.3) lib/active_support/callbacks.rb:130:in `block in run_callbacks'
activesupport (7.1.3) lib/active_support/callbacks.rb:141:in `run_callbacks'
actionpack (7.1.3) lib/abstract_controller/callbacks.rb:258:in `process_action'
actionpack (7.1.3) lib/action_controller/metal/rescue.rb:25:in `process_action'
actionpack (7.1.3) lib/action_controller/metal/instrumentation.rb:74:in `block in process_action'
activesupport (7.1.3) lib/active_support/notifications.rb:206:in `block in instrument'
activesupport (7.1.3) lib/active_support/notifications/instrumenter.rb:58:in `instrument'
activesupport (7.1.3) lib/active_support/notifications.rb:206:in `instrument'
actionpack (7.1.3) lib/action_controller/metal/instrumentation.rb:73:in `process_action'
actionpack (7.1.3) lib/action_controller/metal/params_wrapper.rb:261:in `process_action'
activerecord (7.1.3) lib/active_record/railties/controller_runtime.rb:32:in `process_action'
actionpack (7.1.3) lib/abstract_controller/base.rb:160:in `process'
actionview (7.1.3) lib/action_view/rendering.rb:40:in `process'
actionpack (7.1.3) lib/action_controller/metal.rb:227:in `dispatch'
actionpack (7.1.3) lib/action_controller/metal.rb:309:in `dispatch'
actionpack (7.1.3) lib/action_dispatch/routing/route_set.rb:49:in `dispatch'
actionpack (7.1.3) lib/action_dispatch/routing/route_set.rb:32:in `serve'
actionpack (7.1.3) lib/action_dispatch/journey/router.rb:51:in `block in serve'
actionpack (7.1.3) lib/action_dispatch/journey/router.rb:131:in `block in find_routes'
actionpack (7.1.3) lib/action_dispatch/journey/router.rb:124:in `each'
actionpack (7.1.3) lib/action_dispatch/journey/router.rb:124:in `find_routes'
actionpack (7.1.3) lib/action_dispatch/journey/router.rb:32:in `serve'
actionpack (7.1.3) lib/action_dispatch/routing/route_set.rb:882:in `call'
rack (3.0.8) lib/rack/tempfile_reaper.rb:20:in `call'
rack (3.0.8) lib/rack/etag.rb:29:in `call'
rack (3.0.8) lib/rack/conditional_get.rb:31:in `call'
rack (3.0.8) lib/rack/head.rb:15:in `call'
actionpack (7.1.3) lib/action_dispatch/http/permissions_policy.rb:36:in `call'
actionpack (7.1.3) lib/action_dispatch/http/content_security_policy.rb:33:in `call'
rack-session (2.0.0) lib/rack/session/abstract/id.rb:272:in `context'
rack-session (2.0.0) lib/rack/session/abstract/id.rb:266:in `call'
actionpack (7.1.3) lib/action_dispatch/middleware/cookies.rb:689:in `call'
activerecord (7.1.3) lib/active_record/migration.rb:655:in `call'
actionpack (7.1.3) lib/action_dispatch/middleware/callbacks.rb:29:in `block in call'
activesupport (7.1.3) lib/active_support/callbacks.rb:101:in `run_callbacks'
actionpack (7.1.3) lib/action_dispatch/middleware/callbacks.rb:28:in `call'
actionpack (7.1.3) lib/action_dispatch/middleware/executor.rb:14:in `call'
actionpack (7.1.3) lib/action_dispatch/middleware/actionable_exceptions.rb:16:in `call'
actionpack (7.1.3) lib/action_dispatch/middleware/debug_exceptions.rb:29:in `call'
web-console (4.2.1) lib/web_console/middleware.rb:132:in `call_app'
web-console (4.2.1) lib/web_console/middleware.rb:28:in `block in call'
web-console (4.2.1) lib/web_console/middleware.rb:17:in `catch'
web-console (4.2.1) lib/web_console/middleware.rb:17:in `call'
actionpack (7.1.3) lib/action_dispatch/middleware/show_exceptions.rb:31:in `call'
railties (7.1.3) lib/rails/rack/logger.rb:37:in `call_app'
railties (7.1.3) lib/rails/rack/logger.rb:24:in `block in call'
activesupport (7.1.3) lib/active_support/tagged_logging.rb:135:in `block in tagged'
activesupport (7.1.3) lib/active_support/tagged_logging.rb:39:in `tagged'
activesupport (7.1.3) lib/active_support/tagged_logging.rb:135:in `tagged'
activesupport (7.1.3) lib/active_support/broadcast_logger.rb:240:in `method_missing'
railties (7.1.3) lib/rails/rack/logger.rb:24:in `call'
sprockets-rails (3.4.2) lib/sprockets/rails/quiet_assets.rb:13:in `call'
actionpack (7.1.3) lib/action_dispatch/middleware/remote_ip.rb:92:in `call'
actionpack (7.1.3) lib/action_dispatch/middleware/request_id.rb:28:in `call'
rack (3.0.8) lib/rack/method_override.rb:28:in `call'
rack (3.0.8) lib/rack/runtime.rb:24:in `call'
activesupport (7.1.3) lib/active_support/cache/strategy/local_cache_middleware.rb:29:in `call'
actionpack (7.1.3) lib/action_dispatch/middleware/server_timing.rb:59:in `block in call'
actionpack (7.1.3) lib/action_dispatch/middleware/server_timing.rb:24:in `collect_events'
actionpack (7.1.3) lib/action_dispatch/middleware/server_timing.rb:58:in `call'
actionpack (7.1.3) lib/action_dispatch/middleware/executor.rb:14:in `call'
actionpack (7.1.3) lib/action_dispatch/middleware/static.rb:25:in `call'
rack (3.0.8) lib/rack/sendfile.rb:114:in `call'
actionpack (7.1.3) lib/action_dispatch/middleware/host_authorization.rb:141:in `call'
railties (7.1.3) lib/rails/engine.rb:536:in `call'
puma (6.4.2) lib/puma/configuration.rb:272:in `call'
puma (6.4.2) lib/puma/request.rb:100:in `block in handle_request'
puma (6.4.2) lib/puma/thread_pool.rb:378:in `with_force_shutdown'
puma (6.4.2) lib/puma/request.rb:99:in `handle_request'
puma (6.4.2) lib/puma/server.rb:464:in `process_client'
puma (6.4.2) lib/puma/server.rb:245:in `block in run'
puma (6.4.2) lib/puma/thread_pool.rb:155:in `block in spawn_thread'
Started GET "/serviceworker.js" for ::1 at 2024-01-31 09:54:28 +0530
  
ActionController::RoutingError (No route matches [GET] "/serviceworker.js"):
  
Started GET "/test/test" for ::1 at 2024-01-31 09:57:04 +0530
Processing by TestController#test as HTML
Completed 406 Not Acceptable in 1137ms (ActiveRecord: 0.0ms | Allocations: 854)


  
ActionController::MissingExactTemplate (TestController#test is missing a template for request formats: text/html):
  
actionpack (7.1.3) lib/action_controller/metal/implicit_render.rb:47:in `default_render'
actionpack (7.1.3) lib/action_controller/metal/basic_implicit_render.rb:7:in `send_action'
actionpack (7.1.3) lib/abstract_controller/base.rb:224:in `process_action'
actionpack (7.1.3) lib/action_controller/metal/rendering.rb:165:in `process_action'
actionpack (7.1.3) lib/abstract_controller/callbacks.rb:259:in `block in process_action'
activesupport (7.1.3) lib/active_support/callbacks.rb:121:in `block in run_callbacks'
actiontext (7.1.3) lib/action_text/rendering.rb:23:in `with_renderer'
actiontext (7.1.3) lib/action_text/engine.rb:69:in `block (4 levels) in <class:Engine>'
activesupport (7.1.3) lib/active_support/callbacks.rb:130:in `instance_exec'
activesupport (7.1.3) lib/active_support/callbacks.rb:130:in `block in run_callbacks'
activesupport (7.1.3) lib/active_support/callbacks.rb:141:in `run_callbacks'
actionpack (7.1.3) lib/abstract_controller/callbacks.rb:258:in `process_action'
actionpack (7.1.3) lib/action_controller/metal/rescue.rb:25:in `process_action'
actionpack (7.1.3) lib/action_controller/metal/instrumentation.rb:74:in `block in process_action'
activesupport (7.1.3) lib/active_support/notifications.rb:206:in `block in instrument'
activesupport (7.1.3) lib/active_support/notifications/instrumenter.rb:58:in `instrument'
activesupport (7.1.3) lib/active_support/notifications.rb:206:in `instrument'
actionpack (7.1.3) lib/action_controller/metal/instrumentation.rb:73:in `process_action'
actionpack (7.1.3) lib/action_controller/metal/params_wrapper.rb:261:in `process_action'
activerecord (7.1.3) lib/active_record/railties/controller_runtime.rb:32:in `process_action'
actionpack (7.1.3) lib/abstract_controller/base.rb:160:in `process'
actionview (7.1.3) lib/action_view/rendering.rb:40:in `process'
actionpack (7.1.3) lib/action_controller/metal.rb:227:in `dispatch'
actionpack (7.1.3) lib/action_controller/metal.rb:309:in `dispatch'
actionpack (7.1.3) lib/action_dispatch/routing/route_set.rb:49:in `dispatch'
actionpack (7.1.3) lib/action_dispatch/routing/route_set.rb:32:in `serve'
actionpack (7.1.3) lib/action_dispatch/journey/router.rb:51:in `block in serve'
actionpack (7.1.3) lib/action_dispatch/journey/router.rb:131:in `block in find_routes'
actionpack (7.1.3) lib/action_dispatch/journey/router.rb:124:in `each'
actionpack (7.1.3) lib/action_dispatch/journey/router.rb:124:in `find_routes'
actionpack (7.1.3) lib/action_dispatch/journey/router.rb:32:in `serve'
actionpack (7.1.3) lib/action_dispatch/routing/route_set.rb:882:in `call'
rack (3.0.8) lib/rack/tempfile_reaper.rb:20:in `call'
rack (3.0.8) lib/rack/etag.rb:29:in `call'
rack (3.0.8) lib/rack/conditional_get.rb:31:in `call'
rack (3.0.8) lib/rack/head.rb:15:in `call'
actionpack (7.1.3) lib/action_dispatch/http/permissions_policy.rb:36:in `call'
actionpack (7.1.3) lib/action_dispatch/http/content_security_policy.rb:33:in `call'
rack-session (2.0.0) lib/rack/session/abstract/id.rb:272:in `context'
rack-session (2.0.0) lib/rack/session/abstract/id.rb:266:in `call'
actionpack (7.1.3) lib/action_dispatch/middleware/cookies.rb:689:in `call'
activerecord (7.1.3) lib/active_record/migration.rb:655:in `call'
actionpack (7.1.3) lib/action_dispatch/middleware/callbacks.rb:29:in `block in call'
activesupport (7.1.3) lib/active_support/callbacks.rb:101:in `run_callbacks'
actionpack (7.1.3) lib/action_dispatch/middleware/callbacks.rb:28:in `call'
actionpack (7.1.3) lib/action_dispatch/middleware/executor.rb:14:in `call'
actionpack (7.1.3) lib/action_dispatch/middleware/actionable_exceptions.rb:16:in `call'
actionpack (7.1.3) lib/action_dispatch/middleware/debug_exceptions.rb:29:in `call'
web-console (4.2.1) lib/web_console/middleware.rb:132:in `call_app'
web-console (4.2.1) lib/web_console/middleware.rb:28:in `block in call'
web-console (4.2.1) lib/web_console/middleware.rb:17:in `catch'
web-console (4.2.1) lib/web_console/middleware.rb:17:in `call'
actionpack (7.1.3) lib/action_dispatch/middleware/show_exceptions.rb:31:in `call'
railties (7.1.3) lib/rails/rack/logger.rb:37:in `call_app'
railties (7.1.3) lib/rails/rack/logger.rb:24:in `block in call'
activesupport (7.1.3) lib/active_support/tagged_logging.rb:135:in `block in tagged'
activesupport (7.1.3) lib/active_support/tagged_logging.rb:39:in `tagged'
activesupport (7.1.3) lib/active_support/tagged_logging.rb:135:in `tagged'
activesupport (7.1.3) lib/active_support/broadcast_logger.rb:240:in `method_missing'
railties (7.1.3) lib/rails/rack/logger.rb:24:in `call'
sprockets-rails (3.4.2) lib/sprockets/rails/quiet_assets.rb:13:in `call'
actionpack (7.1.3) lib/action_dispatch/middleware/remote_ip.rb:92:in `call'
actionpack (7.1.3) lib/action_dispatch/middleware/request_id.rb:28:in `call'
rack (3.0.8) lib/rack/method_override.rb:28:in `call'
rack (3.0.8) lib/rack/runtime.rb:24:in `call'
activesupport (7.1.3) lib/active_support/cache/strategy/local_cache_middleware.rb:29:in `call'
actionpack (7.1.3) lib/action_dispatch/middleware/server_timing.rb:59:in `block in call'
actionpack (7.1.3) lib/action_dispatch/middleware/server_timing.rb:24:in `collect_events'
actionpack (7.1.3) lib/action_dispatch/middleware/server_timing.rb:58:in `call'
actionpack (7.1.3) lib/action_dispatch/middleware/executor.rb:14:in `call'
actionpack (7.1.3) lib/action_dispatch/middleware/static.rb:25:in `call'
rack (3.0.8) lib/rack/sendfile.rb:114:in `call'
actionpack (7.1.3) lib/action_dispatch/middleware/host_authorization.rb:141:in `call'
railties (7.1.3) lib/rails/engine.rb:536:in `call'
puma (6.4.2) lib/puma/configuration.rb:272:in `call'
puma (6.4.2) lib/puma/request.rb:100:in `block in handle_request'
puma (6.4.2) lib/puma/thread_pool.rb:378:in `with_force_shutdown'
puma (6.4.2) lib/puma/request.rb:99:in `handle_request'
puma (6.4.2) lib/puma/server.rb:464:in `process_client'
puma (6.4.2) lib/puma/server.rb:245:in `block in run'
puma (6.4.2) lib/puma/thread_pool.rb:155:in `block in spawn_thread'
Started GET "/serviceworker.js" for ::1 at 2024-01-31 09:57:08 +0530
  
ActionController::RoutingError (No route matches [GET] "/serviceworker.js"):
  
Started GET "/test/test" for ::1 at 2024-01-31 09:57:42 +0530
Processing by TestController#test as HTML
  Rendering text template
  Rendered text template (Duration: 0.0ms | Allocations: 3)
Completed 200 OK in 1121ms (Views: 3.8ms | ActiveRecord: 0.0ms | Allocations: 713)


Started GET "/serviceworker.js" for ::1 at 2024-01-31 09:57:45 +0530
  
ActionController::RoutingError (No route matches [GET] "/serviceworker.js"):
  
Started GET "/test/test" for ::1 at 2024-01-31 09:58:37 +0530
Processing by TestController#test as HTML
  Rendering text template
  Rendered text template (Duration: 0.0ms | Allocations: 1)
Completed 200 OK in 1209ms (Views: 1.5ms | ActiveRecord: 0.0ms | Allocations: 536)


Started GET "/serviceworker.js" for ::1 at 2024-01-31 09:58:39 +0530
  
ActionController::RoutingError (No route matches [GET] "/serviceworker.js"):
  
Started GET "/test/test" for ::1 at 2024-01-31 09:59:07 +0530
Processing by TestController#test as HTML
  Rendering text template
  Rendered text template (Duration: 0.0ms | Allocations: 1)
Completed 200 OK in 1124ms (Views: 1.8ms | ActiveRecord: 0.0ms | Allocations: 535)


Started GET "/serviceworker.js" for ::1 at 2024-01-31 09:59:10 +0530
  
ActionController::RoutingError (No route matches [GET] "/serviceworker.js"):
  
Started GET "/test/test" for ::1 at 2024-01-31 10:00:04 +0530
Processing by TestController#test as HTML
  Rendering text template
  Rendered text template (Duration: 0.0ms | Allocations: 1)
Completed 200 OK in 1333ms (Views: 1.4ms | ActiveRecord: 0.0ms | Allocations: 550)


Started GET "/serviceworker.js" for ::1 at 2024-01-31 10:00:07 +0530
  
ActionController::RoutingError (No route matches [GET] "/serviceworker.js"):
  
Started GET "/test/test" for ::1 at 2024-01-31 10:00:51 +0530
Processing by TestController#test as HTML
  Rendering text template
  Rendered text template (Duration: 0.0ms | Allocations: 1)
Completed 200 OK in 1354ms (Views: 1.4ms | ActiveRecord: 0.0ms | Allocations: 550)


Started GET "/serviceworker.js" for ::1 at 2024-01-31 10:00:55 +0530
  
ActionController::RoutingError (No route matches [GET] "/serviceworker.js"):
  
Started GET "/test/test" for ::1 at 2024-01-31 10:26:15 +0530
Processing by TestController#test as HTML
  Rendering text template
  Rendered text template (Duration: 0.0ms | Allocations: 1)
Completed 200 OK in 1146ms (Views: 4.5ms | ActiveRecord: 0.0ms | Allocations: 530)


Started GET "/serviceworker.js" for ::1 at 2024-01-31 10:26:20 +0530
  
ActionController::RoutingError (No route matches [GET] "/serviceworker.js"):
  
Started GET "/test/test" for ::1 at 2024-01-31 10:26:43 +0530
Processing by TestController#test as HTML
  Rendering text template
  Rendered text template (Duration: 0.0ms | Allocations: 1)
Completed 200 OK in 1133ms (Views: 1.5ms | ActiveRecord: 0.0ms | Allocations: 533)


Started GET "/serviceworker.js" for ::1 at 2024-01-31 10:26:48 +0530
  
ActionController::RoutingError (No route matches [GET] "/serviceworker.js"):
  
Started GET "/test/users" for ::1 at 2024-01-31 10:32:17 +0530
Processing by TestController#users as HTML
Completed 406 Not Acceptable in 1ms (ActiveRecord: 0.0ms | Allocations: 788)


  
ActionController::MissingExactTemplate (TestController#users is missing a template for request formats: text/html):
  
actionpack (7.1.3) lib/action_controller/metal/implicit_render.rb:47:in `default_render'
actionpack (7.1.3) lib/action_controller/metal/basic_implicit_render.rb:7:in `send_action'
actionpack (7.1.3) lib/abstract_controller/base.rb:224:in `process_action'
actionpack (7.1.3) lib/action_controller/metal/rendering.rb:165:in `process_action'
actionpack (7.1.3) lib/abstract_controller/callbacks.rb:259:in `block in process_action'
activesupport (7.1.3) lib/active_support/callbacks.rb:121:in `block in run_callbacks'
actiontext (7.1.3) lib/action_text/rendering.rb:23:in `with_renderer'
actiontext (7.1.3) lib/action_text/engine.rb:69:in `block (4 levels) in <class:Engine>'
activesupport (7.1.3) lib/active_support/callbacks.rb:130:in `instance_exec'
activesupport (7.1.3) lib/active_support/callbacks.rb:130:in `block in run_callbacks'
activesupport (7.1.3) lib/active_support/callbacks.rb:141:in `run_callbacks'
actionpack (7.1.3) lib/abstract_controller/callbacks.rb:258:in `process_action'
actionpack (7.1.3) lib/action_controller/metal/rescue.rb:25:in `process_action'
actionpack (7.1.3) lib/action_controller/metal/instrumentation.rb:74:in `block in process_action'
activesupport (7.1.3) lib/active_support/notifications.rb:206:in `block in instrument'
activesupport (7.1.3) lib/active_support/notifications/instrumenter.rb:58:in `instrument'
activesupport (7.1.3) lib/active_support/notifications.rb:206:in `instrument'
actionpack (7.1.3) lib/action_controller/metal/instrumentation.rb:73:in `process_action'
actionpack (7.1.3) lib/action_controller/metal/params_wrapper.rb:261:in `process_action'
activerecord (7.1.3) lib/active_record/railties/controller_runtime.rb:32:in `process_action'
actionpack (7.1.3) lib/abstract_controller/base.rb:160:in `process'
actionview (7.1.3) lib/action_view/rendering.rb:40:in `process'
actionpack (7.1.3) lib/action_controller/metal.rb:227:in `dispatch'
actionpack (7.1.3) lib/action_controller/metal.rb:309:in `dispatch'
actionpack (7.1.3) lib/action_dispatch/routing/route_set.rb:49:in `dispatch'
actionpack (7.1.3) lib/action_dispatch/routing/route_set.rb:32:in `serve'
actionpack (7.1.3) lib/action_dispatch/journey/router.rb:51:in `block in serve'
actionpack (7.1.3) lib/action_dispatch/journey/router.rb:131:in `block in find_routes'
actionpack (7.1.3) lib/action_dispatch/journey/router.rb:124:in `each'
actionpack (7.1.3) lib/action_dispatch/journey/router.rb:124:in `find_routes'
actionpack (7.1.3) lib/action_dispatch/journey/router.rb:32:in `serve'
actionpack (7.1.3) lib/action_dispatch/routing/route_set.rb:882:in `call'
rack (3.0.8) lib/rack/tempfile_reaper.rb:20:in `call'
rack (3.0.8) lib/rack/etag.rb:29:in `call'
rack (3.0.8) lib/rack/conditional_get.rb:31:in `call'
rack (3.0.8) lib/rack/head.rb:15:in `call'
actionpack (7.1.3) lib/action_dispatch/http/permissions_policy.rb:36:in `call'
actionpack (7.1.3) lib/action_dispatch/http/content_security_policy.rb:33:in `call'
rack-session (2.0.0) lib/rack/session/abstract/id.rb:272:in `context'
rack-session (2.0.0) lib/rack/session/abstract/id.rb:266:in `call'
actionpack (7.1.3) lib/action_dispatch/middleware/cookies.rb:689:in `call'
activerecord (7.1.3) lib/active_record/migration.rb:655:in `call'
actionpack (7.1.3) lib/action_dispatch/middleware/callbacks.rb:29:in `block in call'
activesupport (7.1.3) lib/active_support/callbacks.rb:101:in `run_callbacks'
actionpack (7.1.3) lib/action_dispatch/middleware/callbacks.rb:28:in `call'
actionpack (7.1.3) lib/action_dispatch/middleware/executor.rb:14:in `call'
actionpack (7.1.3) lib/action_dispatch/middleware/actionable_exceptions.rb:16:in `call'
actionpack (7.1.3) lib/action_dispatch/middleware/debug_exceptions.rb:29:in `call'
web-console (4.2.1) lib/web_console/middleware.rb:132:in `call_app'
web-console (4.2.1) lib/web_console/middleware.rb:28:in `block in call'
web-console (4.2.1) lib/web_console/middleware.rb:17:in `catch'
web-console (4.2.1) lib/web_console/middleware.rb:17:in `call'
actionpack (7.1.3) lib/action_dispatch/middleware/show_exceptions.rb:31:in `call'
railties (7.1.3) lib/rails/rack/logger.rb:37:in `call_app'
railties (7.1.3) lib/rails/rack/logger.rb:24:in `block in call'
activesupport (7.1.3) lib/active_support/tagged_logging.rb:135:in `block in tagged'
activesupport (7.1.3) lib/active_support/tagged_logging.rb:39:in `tagged'
activesupport (7.1.3) lib/active_support/tagged_logging.rb:135:in `tagged'
activesupport (7.1.3) lib/active_support/broadcast_logger.rb:240:in `method_missing'
railties (7.1.3) lib/rails/rack/logger.rb:24:in `call'
sprockets-rails (3.4.2) lib/sprockets/rails/quiet_assets.rb:13:in `call'
actionpack (7.1.3) lib/action_dispatch/middleware/remote_ip.rb:92:in `call'
actionpack (7.1.3) lib/action_dispatch/middleware/request_id.rb:28:in `call'
rack (3.0.8) lib/rack/method_override.rb:28:in `call'
rack (3.0.8) lib/rack/runtime.rb:24:in `call'
activesupport (7.1.3) lib/active_support/cache/strategy/local_cache_middleware.rb:29:in `call'
actionpack (7.1.3) lib/action_dispatch/middleware/server_timing.rb:59:in `block in call'
actionpack (7.1.3) lib/action_dispatch/middleware/server_timing.rb:24:in `collect_events'
actionpack (7.1.3) lib/action_dispatch/middleware/server_timing.rb:58:in `call'
actionpack (7.1.3) lib/action_dispatch/middleware/executor.rb:14:in `call'
actionpack (7.1.3) lib/action_dispatch/middleware/static.rb:25:in `call'
rack (3.0.8) lib/rack/sendfile.rb:114:in `call'
actionpack (7.1.3) lib/action_dispatch/middleware/host_authorization.rb:141:in `call'
railties (7.1.3) lib/rails/engine.rb:536:in `call'
puma (6.4.2) lib/puma/configuration.rb:272:in `call'
puma (6.4.2) lib/puma/request.rb:100:in `block in handle_request'
puma (6.4.2) lib/puma/thread_pool.rb:378:in `with_force_shutdown'
puma (6.4.2) lib/puma/request.rb:99:in `handle_request'
puma (6.4.2) lib/puma/server.rb:464:in `process_client'
puma (6.4.2) lib/puma/server.rb:245:in `block in run'
puma (6.4.2) lib/puma/thread_pool.rb:155:in `block in spawn_thread'
Started GET "/serviceworker.js" for ::1 at 2024-01-31 10:32:20 +0530
  
ActionController::RoutingError (No route matches [GET] "/serviceworker.js"):
  
Started GET "/test/users" for ::1 at 2024-01-31 10:32:47 +0530
Processing by TestController#users as HTML
Completed 406 Not Acceptable in 2ms (ActiveRecord: 0.0ms | Allocations: 846)


  
ActionController::MissingExactTemplate (TestController#users is missing a template for request formats: text/html):
  
actionpack (7.1.3) lib/action_controller/metal/implicit_render.rb:47:in `default_render'
actionpack (7.1.3) lib/action_controller/metal/basic_implicit_render.rb:7:in `send_action'
actionpack (7.1.3) lib/abstract_controller/base.rb:224:in `process_action'
actionpack (7.1.3) lib/action_controller/metal/rendering.rb:165:in `process_action'
actionpack (7.1.3) lib/abstract_controller/callbacks.rb:259:in `block in process_action'
activesupport (7.1.3) lib/active_support/callbacks.rb:121:in `block in run_callbacks'
actiontext (7.1.3) lib/action_text/rendering.rb:23:in `with_renderer'
actiontext (7.1.3) lib/action_text/engine.rb:69:in `block (4 levels) in <class:Engine>'
activesupport (7.1.3) lib/active_support/callbacks.rb:130:in `instance_exec'
activesupport (7.1.3) lib/active_support/callbacks.rb:130:in `block in run_callbacks'
activesupport (7.1.3) lib/active_support/callbacks.rb:141:in `run_callbacks'
actionpack (7.1.3) lib/abstract_controller/callbacks.rb:258:in `process_action'
actionpack (7.1.3) lib/action_controller/metal/rescue.rb:25:in `process_action'
actionpack (7.1.3) lib/action_controller/metal/instrumentation.rb:74:in `block in process_action'
activesupport (7.1.3) lib/active_support/notifications.rb:206:in `block in instrument'
activesupport (7.1.3) lib/active_support/notifications/instrumenter.rb:58:in `instrument'
activesupport (7.1.3) lib/active_support/notifications.rb:206:in `instrument'
actionpack (7.1.3) lib/action_controller/metal/instrumentation.rb:73:in `process_action'
actionpack (7.1.3) lib/action_controller/metal/params_wrapper.rb:261:in `process_action'
activerecord (7.1.3) lib/active_record/railties/controller_runtime.rb:32:in `process_action'
actionpack (7.1.3) lib/abstract_controller/base.rb:160:in `process'
actionview (7.1.3) lib/action_view/rendering.rb:40:in `process'
actionpack (7.1.3) lib/action_controller/metal.rb:227:in `dispatch'
actionpack (7.1.3) lib/action_controller/metal.rb:309:in `dispatch'
actionpack (7.1.3) lib/action_dispatch/routing/route_set.rb:49:in `dispatch'
actionpack (7.1.3) lib/action_dispatch/routing/route_set.rb:32:in `serve'
actionpack (7.1.3) lib/action_dispatch/journey/router.rb:51:in `block in serve'
actionpack (7.1.3) lib/action_dispatch/journey/router.rb:131:in `block in find_routes'
actionpack (7.1.3) lib/action_dispatch/journey/router.rb:124:in `each'
actionpack (7.1.3) lib/action_dispatch/journey/router.rb:124:in `find_routes'
actionpack (7.1.3) lib/action_dispatch/journey/router.rb:32:in `serve'
actionpack (7.1.3) lib/action_dispatch/routing/route_set.rb:882:in `call'
rack (3.0.8) lib/rack/tempfile_reaper.rb:20:in `call'
rack (3.0.8) lib/rack/etag.rb:29:in `call'
rack (3.0.8) lib/rack/conditional_get.rb:31:in `call'
rack (3.0.8) lib/rack/head.rb:15:in `call'
actionpack (7.1.3) lib/action_dispatch/http/permissions_policy.rb:36:in `call'
actionpack (7.1.3) lib/action_dispatch/http/content_security_policy.rb:33:in `call'
rack-session (2.0.0) lib/rack/session/abstract/id.rb:272:in `context'
rack-session (2.0.0) lib/rack/session/abstract/id.rb:266:in `call'
actionpack (7.1.3) lib/action_dispatch/middleware/cookies.rb:689:in `call'
activerecord (7.1.3) lib/active_record/migration.rb:655:in `call'
actionpack (7.1.3) lib/action_dispatch/middleware/callbacks.rb:29:in `block in call'
activesupport (7.1.3) lib/active_support/callbacks.rb:101:in `run_callbacks'
actionpack (7.1.3) lib/action_dispatch/middleware/callbacks.rb:28:in `call'
actionpack (7.1.3) lib/action_dispatch/middleware/executor.rb:14:in `call'
actionpack (7.1.3) lib/action_dispatch/middleware/actionable_exceptions.rb:16:in `call'
actionpack (7.1.3) lib/action_dispatch/middleware/debug_exceptions.rb:29:in `call'
web-console (4.2.1) lib/web_console/middleware.rb:132:in `call_app'
web-console (4.2.1) lib/web_console/middleware.rb:28:in `block in call'
web-console (4.2.1) lib/web_console/middleware.rb:17:in `catch'
web-console (4.2.1) lib/web_console/middleware.rb:17:in `call'
actionpack (7.1.3) lib/action_dispatch/middleware/show_exceptions.rb:31:in `call'
railties (7.1.3) lib/rails/rack/logger.rb:37:in `call_app'
railties (7.1.3) lib/rails/rack/logger.rb:24:in `block in call'
activesupport (7.1.3) lib/active_support/tagged_logging.rb:135:in `block in tagged'
activesupport (7.1.3) lib/active_support/tagged_logging.rb:39:in `tagged'
activesupport (7.1.3) lib/active_support/tagged_logging.rb:135:in `tagged'
activesupport (7.1.3) lib/active_support/broadcast_logger.rb:240:in `method_missing'
railties (7.1.3) lib/rails/rack/logger.rb:24:in `call'
sprockets-rails (3.4.2) lib/sprockets/rails/quiet_assets.rb:13:in `call'
actionpack (7.1.3) lib/action_dispatch/middleware/remote_ip.rb:92:in `call'
actionpack (7.1.3) lib/action_dispatch/middleware/request_id.rb:28:in `call'
rack (3.0.8) lib/rack/method_override.rb:28:in `call'
rack (3.0.8) lib/rack/runtime.rb:24:in `call'
activesupport (7.1.3) lib/active_support/cache/strategy/local_cache_middleware.rb:29:in `call'
actionpack (7.1.3) lib/action_dispatch/middleware/server_timing.rb:59:in `block in call'
actionpack (7.1.3) lib/action_dispatch/middleware/server_timing.rb:24:in `collect_events'
actionpack (7.1.3) lib/action_dispatch/middleware/server_timing.rb:58:in `call'
actionpack (7.1.3) lib/action_dispatch/middleware/executor.rb:14:in `call'
actionpack (7.1.3) lib/action_dispatch/middleware/static.rb:25:in `call'
rack (3.0.8) lib/rack/sendfile.rb:114:in `call'
actionpack (7.1.3) lib/action_dispatch/middleware/host_authorization.rb:141:in `call'
railties (7.1.3) lib/rails/engine.rb:536:in `call'
puma (6.4.2) lib/puma/configuration.rb:272:in `call'
puma (6.4.2) lib/puma/request.rb:100:in `block in handle_request'
puma (6.4.2) lib/puma/thread_pool.rb:378:in `with_force_shutdown'
puma (6.4.2) lib/puma/request.rb:99:in `handle_request'
puma (6.4.2) lib/puma/server.rb:464:in `process_client'
puma (6.4.2) lib/puma/server.rb:245:in `block in run'
puma (6.4.2) lib/puma/thread_pool.rb:155:in `block in spawn_thread'
Started GET "/serviceworker.js" for ::1 at 2024-01-31 10:32:50 +0530
  
ActionController::RoutingError (No route matches [GET] "/serviceworker.js"):
  
Started GET "/test/users" for ::1 at 2024-01-31 10:33:16 +0530
Processing by TestController#users as HTML
Completed 406 Not Acceptable in 1ms (ActiveRecord: 0.0ms | Allocations: 550)


  
ActionController::MissingExactTemplate (TestController#users is missing a template for request formats: text/html):
  
actionpack (7.1.3) lib/action_controller/metal/implicit_render.rb:47:in `default_render'
actionpack (7.1.3) lib/action_controller/metal/basic_implicit_render.rb:7:in `send_action'
actionpack (7.1.3) lib/abstract_controller/base.rb:224:in `process_action'
actionpack (7.1.3) lib/action_controller/metal/rendering.rb:165:in `process_action'
actionpack (7.1.3) lib/abstract_controller/callbacks.rb:259:in `block in process_action'
activesupport (7.1.3) lib/active_support/callbacks.rb:121:in `block in run_callbacks'
actiontext (7.1.3) lib/action_text/rendering.rb:23:in `with_renderer'
actiontext (7.1.3) lib/action_text/engine.rb:69:in `block (4 levels) in <class:Engine>'
activesupport (7.1.3) lib/active_support/callbacks.rb:130:in `instance_exec'
activesupport (7.1.3) lib/active_support/callbacks.rb:130:in `block in run_callbacks'
activesupport (7.1.3) lib/active_support/callbacks.rb:141:in `run_callbacks'
actionpack (7.1.3) lib/abstract_controller/callbacks.rb:258:in `process_action'
actionpack (7.1.3) lib/action_controller/metal/rescue.rb:25:in `process_action'
actionpack (7.1.3) lib/action_controller/metal/instrumentation.rb:74:in `block in process_action'
activesupport (7.1.3) lib/active_support/notifications.rb:206:in `block in instrument'
activesupport (7.1.3) lib/active_support/notifications/instrumenter.rb:58:in `instrument'
activesupport (7.1.3) lib/active_support/notifications.rb:206:in `instrument'
actionpack (7.1.3) lib/action_controller/metal/instrumentation.rb:73:in `process_action'
actionpack (7.1.3) lib/action_controller/metal/params_wrapper.rb:261:in `process_action'
activerecord (7.1.3) lib/active_record/railties/controller_runtime.rb:32:in `process_action'
actionpack (7.1.3) lib/abstract_controller/base.rb:160:in `process'
actionview (7.1.3) lib/action_view/rendering.rb:40:in `process'
actionpack (7.1.3) lib/action_controller/metal.rb:227:in `dispatch'
actionpack (7.1.3) lib/action_controller/metal.rb:309:in `dispatch'
actionpack (7.1.3) lib/action_dispatch/routing/route_set.rb:49:in `dispatch'
actionpack (7.1.3) lib/action_dispatch/routing/route_set.rb:32:in `serve'
actionpack (7.1.3) lib/action_dispatch/journey/router.rb:51:in `block in serve'
actionpack (7.1.3) lib/action_dispatch/journey/router.rb:131:in `block in find_routes'
actionpack (7.1.3) lib/action_dispatch/journey/router.rb:124:in `each'
actionpack (7.1.3) lib/action_dispatch/journey/router.rb:124:in `find_routes'
actionpack (7.1.3) lib/action_dispatch/journey/router.rb:32:in `serve'
actionpack (7.1.3) lib/action_dispatch/routing/route_set.rb:882:in `call'
rack (3.0.8) lib/rack/tempfile_reaper.rb:20:in `call'
rack (3.0.8) lib/rack/etag.rb:29:in `call'
rack (3.0.8) lib/rack/conditional_get.rb:31:in `call'
rack (3.0.8) lib/rack/head.rb:15:in `call'
actionpack (7.1.3) lib/action_dispatch/http/permissions_policy.rb:36:in `call'
actionpack (7.1.3) lib/action_dispatch/http/content_security_policy.rb:33:in `call'
rack-session (2.0.0) lib/rack/session/abstract/id.rb:272:in `context'
rack-session (2.0.0) lib/rack/session/abstract/id.rb:266:in `call'
actionpack (7.1.3) lib/action_dispatch/middleware/cookies.rb:689:in `call'
activerecord (7.1.3) lib/active_record/migration.rb:655:in `call'
actionpack (7.1.3) lib/action_dispatch/middleware/callbacks.rb:29:in `block in call'
activesupport (7.1.3) lib/active_support/callbacks.rb:101:in `run_callbacks'
actionpack (7.1.3) lib/action_dispatch/middleware/callbacks.rb:28:in `call'
actionpack (7.1.3) lib/action_dispatch/middleware/executor.rb:14:in `call'
actionpack (7.1.3) lib/action_dispatch/middleware/actionable_exceptions.rb:16:in `call'
actionpack (7.1.3) lib/action_dispatch/middleware/debug_exceptions.rb:29:in `call'
web-console (4.2.1) lib/web_console/middleware.rb:132:in `call_app'
web-console (4.2.1) lib/web_console/middleware.rb:28:in `block in call'
web-console (4.2.1) lib/web_console/middleware.rb:17:in `catch'
web-console (4.2.1) lib/web_console/middleware.rb:17:in `call'
actionpack (7.1.3) lib/action_dispatch/middleware/show_exceptions.rb:31:in `call'
railties (7.1.3) lib/rails/rack/logger.rb:37:in `call_app'
railties (7.1.3) lib/rails/rack/logger.rb:24:in `block in call'
activesupport (7.1.3) lib/active_support/tagged_logging.rb:135:in `block in tagged'
activesupport (7.1.3) lib/active_support/tagged_logging.rb:39:in `tagged'
activesupport (7.1.3) lib/active_support/tagged_logging.rb:135:in `tagged'
activesupport (7.1.3) lib/active_support/broadcast_logger.rb:240:in `method_missing'
railties (7.1.3) lib/rails/rack/logger.rb:24:in `call'
sprockets-rails (3.4.2) lib/sprockets/rails/quiet_assets.rb:13:in `call'
actionpack (7.1.3) lib/action_dispatch/middleware/remote_ip.rb:92:in `call'
actionpack (7.1.3) lib/action_dispatch/middleware/request_id.rb:28:in `call'
rack (3.0.8) lib/rack/method_override.rb:28:in `call'
rack (3.0.8) lib/rack/runtime.rb:24:in `call'
activesupport (7.1.3) lib/active_support/cache/strategy/local_cache_middleware.rb:29:in `call'
actionpack (7.1.3) lib/action_dispatch/middleware/server_timing.rb:59:in `block in call'
actionpack (7.1.3) lib/action_dispatch/middleware/server_timing.rb:24:in `collect_events'
actionpack (7.1.3) lib/action_dispatch/middleware/server_timing.rb:58:in `call'
actionpack (7.1.3) lib/action_dispatch/middleware/executor.rb:14:in `call'
actionpack (7.1.3) lib/action_dispatch/middleware/static.rb:25:in `call'
rack (3.0.8) lib/rack/sendfile.rb:114:in `call'
actionpack (7.1.3) lib/action_dispatch/middleware/host_authorization.rb:141:in `call'
railties (7.1.3) lib/rails/engine.rb:536:in `call'
puma (6.4.2) lib/puma/configuration.rb:272:in `call'
puma (6.4.2) lib/puma/request.rb:100:in `block in handle_request'
puma (6.4.2) lib/puma/thread_pool.rb:378:in `with_force_shutdown'
puma (6.4.2) lib/puma/request.rb:99:in `handle_request'
puma (6.4.2) lib/puma/server.rb:464:in `process_client'
puma (6.4.2) lib/puma/server.rb:245:in `block in run'
puma (6.4.2) lib/puma/thread_pool.rb:155:in `block in spawn_thread'
Started GET "/serviceworker.js" for ::1 at 2024-01-31 10:33:18 +0530
  
ActionController::RoutingError (No route matches [GET] "/serviceworker.js"):
  
Started GET "/test/users" for ::1 at 2024-01-31 10:34:40 +0530
Processing by TestController#users as HTML
Completed 406 Not Acceptable in 1120ms (ActiveRecord: 0.0ms | Allocations: 967)


  
ActionController::MissingExactTemplate (TestController#users is missing a template for request formats: text/html):
  
actionpack (7.1.3) lib/action_controller/metal/implicit_render.rb:47:in `default_render'
actionpack (7.1.3) lib/action_controller/metal/basic_implicit_render.rb:7:in `send_action'
actionpack (7.1.3) lib/abstract_controller/base.rb:224:in `process_action'
actionpack (7.1.3) lib/action_controller/metal/rendering.rb:165:in `process_action'
actionpack (7.1.3) lib/abstract_controller/callbacks.rb:259:in `block in process_action'
activesupport (7.1.3) lib/active_support/callbacks.rb:121:in `block in run_callbacks'
actiontext (7.1.3) lib/action_text/rendering.rb:23:in `with_renderer'
actiontext (7.1.3) lib/action_text/engine.rb:69:in `block (4 levels) in <class:Engine>'
activesupport (7.1.3) lib/active_support/callbacks.rb:130:in `instance_exec'
activesupport (7.1.3) lib/active_support/callbacks.rb:130:in `block in run_callbacks'
activesupport (7.1.3) lib/active_support/callbacks.rb:141:in `run_callbacks'
actionpack (7.1.3) lib/abstract_controller/callbacks.rb:258:in `process_action'
actionpack (7.1.3) lib/action_controller/metal/rescue.rb:25:in `process_action'
actionpack (7.1.3) lib/action_controller/metal/instrumentation.rb:74:in `block in process_action'
activesupport (7.1.3) lib/active_support/notifications.rb:206:in `block in instrument'
activesupport (7.1.3) lib/active_support/notifications/instrumenter.rb:58:in `instrument'
activesupport (7.1.3) lib/active_support/notifications.rb:206:in `instrument'
actionpack (7.1.3) lib/action_controller/metal/instrumentation.rb:73:in `process_action'
actionpack (7.1.3) lib/action_controller/metal/params_wrapper.rb:261:in `process_action'
activerecord (7.1.3) lib/active_record/railties/controller_runtime.rb:32:in `process_action'
actionpack (7.1.3) lib/abstract_controller/base.rb:160:in `process'
actionview (7.1.3) lib/action_view/rendering.rb:40:in `process'
actionpack (7.1.3) lib/action_controller/metal.rb:227:in `dispatch'
actionpack (7.1.3) lib/action_controller/metal.rb:309:in `dispatch'
actionpack (7.1.3) lib/action_dispatch/routing/route_set.rb:49:in `dispatch'
actionpack (7.1.3) lib/action_dispatch/routing/route_set.rb:32:in `serve'
actionpack (7.1.3) lib/action_dispatch/journey/router.rb:51:in `block in serve'
actionpack (7.1.3) lib/action_dispatch/journey/router.rb:131:in `block in find_routes'
actionpack (7.1.3) lib/action_dispatch/journey/router.rb:124:in `each'
actionpack (7.1.3) lib/action_dispatch/journey/router.rb:124:in `find_routes'
actionpack (7.1.3) lib/action_dispatch/journey/router.rb:32:in `serve'
actionpack (7.1.3) lib/action_dispatch/routing/route_set.rb:882:in `call'
rack (3.0.8) lib/rack/tempfile_reaper.rb:20:in `call'
rack (3.0.8) lib/rack/etag.rb:29:in `call'
rack (3.0.8) lib/rack/conditional_get.rb:31:in `call'
rack (3.0.8) lib/rack/head.rb:15:in `call'
actionpack (7.1.3) lib/action_dispatch/http/permissions_policy.rb:36:in `call'
actionpack (7.1.3) lib/action_dispatch/http/content_security_policy.rb:33:in `call'
rack-session (2.0.0) lib/rack/session/abstract/id.rb:272:in `context'
rack-session (2.0.0) lib/rack/session/abstract/id.rb:266:in `call'
actionpack (7.1.3) lib/action_dispatch/middleware/cookies.rb:689:in `call'
activerecord (7.1.3) lib/active_record/migration.rb:655:in `call'
actionpack (7.1.3) lib/action_dispatch/middleware/callbacks.rb:29:in `block in call'
activesupport (7.1.3) lib/active_support/callbacks.rb:101:in `run_callbacks'
actionpack (7.1.3) lib/action_dispatch/middleware/callbacks.rb:28:in `call'
actionpack (7.1.3) lib/action_dispatch/middleware/executor.rb:14:in `call'
actionpack (7.1.3) lib/action_dispatch/middleware/actionable_exceptions.rb:16:in `call'
actionpack (7.1.3) lib/action_dispatch/middleware/debug_exceptions.rb:29:in `call'
web-console (4.2.1) lib/web_console/middleware.rb:132:in `call_app'
web-console (4.2.1) lib/web_console/middleware.rb:28:in `block in call'
web-console (4.2.1) lib/web_console/middleware.rb:17:in `catch'
web-console (4.2.1) lib/web_console/middleware.rb:17:in `call'
actionpack (7.1.3) lib/action_dispatch/middleware/show_exceptions.rb:31:in `call'
railties (7.1.3) lib/rails/rack/logger.rb:37:in `call_app'
railties (7.1.3) lib/rails/rack/logger.rb:24:in `block in call'
activesupport (7.1.3) lib/active_support/tagged_logging.rb:135:in `block in tagged'
activesupport (7.1.3) lib/active_support/tagged_logging.rb:39:in `tagged'
activesupport (7.1.3) lib/active_support/tagged_logging.rb:135:in `tagged'
activesupport (7.1.3) lib/active_support/broadcast_logger.rb:240:in `method_missing'
railties (7.1.3) lib/rails/rack/logger.rb:24:in `call'
sprockets-rails (3.4.2) lib/sprockets/rails/quiet_assets.rb:13:in `call'
actionpack (7.1.3) lib/action_dispatch/middleware/remote_ip.rb:92:in `call'
actionpack (7.1.3) lib/action_dispatch/middleware/request_id.rb:28:in `call'
rack (3.0.8) lib/rack/method_override.rb:28:in `call'
rack (3.0.8) lib/rack/runtime.rb:24:in `call'
activesupport (7.1.3) lib/active_support/cache/strategy/local_cache_middleware.rb:29:in `call'
actionpack (7.1.3) lib/action_dispatch/middleware/server_timing.rb:59:in `block in call'
actionpack (7.1.3) lib/action_dispatch/middleware/server_timing.rb:24:in `collect_events'
actionpack (7.1.3) lib/action_dispatch/middleware/server_timing.rb:58:in `call'
actionpack (7.1.3) lib/action_dispatch/middleware/executor.rb:14:in `call'
actionpack (7.1.3) lib/action_dispatch/middleware/static.rb:25:in `call'
rack (3.0.8) lib/rack/sendfile.rb:114:in `call'
actionpack (7.1.3) lib/action_dispatch/middleware/host_authorization.rb:141:in `call'
railties (7.1.3) lib/rails/engine.rb:536:in `call'
puma (6.4.2) lib/puma/configuration.rb:272:in `call'
puma (6.4.2) lib/puma/request.rb:100:in `block in handle_request'
puma (6.4.2) lib/puma/thread_pool.rb:378:in `with_force_shutdown'
puma (6.4.2) lib/puma/request.rb:99:in `handle_request'
puma (6.4.2) lib/puma/server.rb:464:in `process_client'
puma (6.4.2) lib/puma/server.rb:245:in `block in run'
puma (6.4.2) lib/puma/thread_pool.rb:155:in `block in spawn_thread'
Started GET "/serviceworker.js" for ::1 at 2024-01-31 10:34:43 +0530
  
ActionController::RoutingError (No route matches [GET] "/serviceworker.js"):
  
Started GET "/test/users" for ::1 at 2024-01-31 10:35:49 +0530
Processing by TestController#users as HTML
Completed 406 Not Acceptable in 1127ms (ActiveRecord: 0.0ms | Allocations: 967)


  
ActionController::MissingExactTemplate (TestController#users is missing a template for request formats: text/html):
  
actionpack (7.1.3) lib/action_controller/metal/implicit_render.rb:47:in `default_render'
actionpack (7.1.3) lib/action_controller/metal/basic_implicit_render.rb:7:in `send_action'
actionpack (7.1.3) lib/abstract_controller/base.rb:224:in `process_action'
actionpack (7.1.3) lib/action_controller/metal/rendering.rb:165:in `process_action'
actionpack (7.1.3) lib/abstract_controller/callbacks.rb:259:in `block in process_action'
activesupport (7.1.3) lib/active_support/callbacks.rb:121:in `block in run_callbacks'
actiontext (7.1.3) lib/action_text/rendering.rb:23:in `with_renderer'
actiontext (7.1.3) lib/action_text/engine.rb:69:in `block (4 levels) in <class:Engine>'
activesupport (7.1.3) lib/active_support/callbacks.rb:130:in `instance_exec'
activesupport (7.1.3) lib/active_support/callbacks.rb:130:in `block in run_callbacks'
activesupport (7.1.3) lib/active_support/callbacks.rb:141:in `run_callbacks'
actionpack (7.1.3) lib/abstract_controller/callbacks.rb:258:in `process_action'
actionpack (7.1.3) lib/action_controller/metal/rescue.rb:25:in `process_action'
actionpack (7.1.3) lib/action_controller/metal/instrumentation.rb:74:in `block in process_action'
activesupport (7.1.3) lib/active_support/notifications.rb:206:in `block in instrument'
activesupport (7.1.3) lib/active_support/notifications/instrumenter.rb:58:in `instrument'
activesupport (7.1.3) lib/active_support/notifications.rb:206:in `instrument'
actionpack (7.1.3) lib/action_controller/metal/instrumentation.rb:73:in `process_action'
actionpack (7.1.3) lib/action_controller/metal/params_wrapper.rb:261:in `process_action'
activerecord (7.1.3) lib/active_record/railties/controller_runtime.rb:32:in `process_action'
actionpack (7.1.3) lib/abstract_controller/base.rb:160:in `process'
actionview (7.1.3) lib/action_view/rendering.rb:40:in `process'
actionpack (7.1.3) lib/action_controller/metal.rb:227:in `dispatch'
actionpack (7.1.3) lib/action_controller/metal.rb:309:in `dispatch'
actionpack (7.1.3) lib/action_dispatch/routing/route_set.rb:49:in `dispatch'
actionpack (7.1.3) lib/action_dispatch/routing/route_set.rb:32:in `serve'
actionpack (7.1.3) lib/action_dispatch/journey/router.rb:51:in `block in serve'
actionpack (7.1.3) lib/action_dispatch/journey/router.rb:131:in `block in find_routes'
actionpack (7.1.3) lib/action_dispatch/journey/router.rb:124:in `each'
actionpack (7.1.3) lib/action_dispatch/journey/router.rb:124:in `find_routes'
actionpack (7.1.3) lib/action_dispatch/journey/router.rb:32:in `serve'
actionpack (7.1.3) lib/action_dispatch/routing/route_set.rb:882:in `call'
rack (3.0.8) lib/rack/tempfile_reaper.rb:20:in `call'
rack (3.0.8) lib/rack/etag.rb:29:in `call'
rack (3.0.8) lib/rack/conditional_get.rb:31:in `call'
rack (3.0.8) lib/rack/head.rb:15:in `call'
actionpack (7.1.3) lib/action_dispatch/http/permissions_policy.rb:36:in `call'
actionpack (7.1.3) lib/action_dispatch/http/content_security_policy.rb:33:in `call'
rack-session (2.0.0) lib/rack/session/abstract/id.rb:272:in `context'
rack-session (2.0.0) lib/rack/session/abstract/id.rb:266:in `call'
actionpack (7.1.3) lib/action_dispatch/middleware/cookies.rb:689:in `call'
activerecord (7.1.3) lib/active_record/migration.rb:655:in `call'
actionpack (7.1.3) lib/action_dispatch/middleware/callbacks.rb:29:in `block in call'
activesupport (7.1.3) lib/active_support/callbacks.rb:101:in `run_callbacks'
actionpack (7.1.3) lib/action_dispatch/middleware/callbacks.rb:28:in `call'
actionpack (7.1.3) lib/action_dispatch/middleware/executor.rb:14:in `call'
actionpack (7.1.3) lib/action_dispatch/middleware/actionable_exceptions.rb:16:in `call'
actionpack (7.1.3) lib/action_dispatch/middleware/debug_exceptions.rb:29:in `call'
web-console (4.2.1) lib/web_console/middleware.rb:132:in `call_app'
web-console (4.2.1) lib/web_console/middleware.rb:28:in `block in call'
web-console (4.2.1) lib/web_console/middleware.rb:17:in `catch'
web-console (4.2.1) lib/web_console/middleware.rb:17:in `call'
actionpack (7.1.3) lib/action_dispatch/middleware/show_exceptions.rb:31:in `call'
railties (7.1.3) lib/rails/rack/logger.rb:37:in `call_app'
railties (7.1.3) lib/rails/rack/logger.rb:24:in `block in call'
activesupport (7.1.3) lib/active_support/tagged_logging.rb:135:in `block in tagged'
activesupport (7.1.3) lib/active_support/tagged_logging.rb:39:in `tagged'
activesupport (7.1.3) lib/active_support/tagged_logging.rb:135:in `tagged'
activesupport (7.1.3) lib/active_support/broadcast_logger.rb:240:in `method_missing'
railties (7.1.3) lib/rails/rack/logger.rb:24:in `call'
sprockets-rails (3.4.2) lib/sprockets/rails/quiet_assets.rb:13:in `call'
actionpack (7.1.3) lib/action_dispatch/middleware/remote_ip.rb:92:in `call'
actionpack (7.1.3) lib/action_dispatch/middleware/request_id.rb:28:in `call'
rack (3.0.8) lib/rack/method_override.rb:28:in `call'
rack (3.0.8) lib/rack/runtime.rb:24:in `call'
activesupport (7.1.3) lib/active_support/cache/strategy/local_cache_middleware.rb:29:in `call'
actionpack (7.1.3) lib/action_dispatch/middleware/server_timing.rb:59:in `block in call'
actionpack (7.1.3) lib/action_dispatch/middleware/server_timing.rb:24:in `collect_events'
actionpack (7.1.3) lib/action_dispatch/middleware/server_timing.rb:58:in `call'
actionpack (7.1.3) lib/action_dispatch/middleware/executor.rb:14:in `call'
actionpack (7.1.3) lib/action_dispatch/middleware/static.rb:25:in `call'
rack (3.0.8) lib/rack/sendfile.rb:114:in `call'
actionpack (7.1.3) lib/action_dispatch/middleware/host_authorization.rb:141:in `call'
railties (7.1.3) lib/rails/engine.rb:536:in `call'
puma (6.4.2) lib/puma/configuration.rb:272:in `call'
puma (6.4.2) lib/puma/request.rb:100:in `block in handle_request'
puma (6.4.2) lib/puma/thread_pool.rb:378:in `with_force_shutdown'
puma (6.4.2) lib/puma/request.rb:99:in `handle_request'
puma (6.4.2) lib/puma/server.rb:464:in `process_client'
puma (6.4.2) lib/puma/server.rb:245:in `block in run'
puma (6.4.2) lib/puma/thread_pool.rb:155:in `block in spawn_thread'
Started GET "/serviceworker.js" for ::1 at 2024-01-31 10:35:53 +0530
  
ActionController::RoutingError (No route matches [GET] "/serviceworker.js"):
  
Started GET "/test/users" for ::1 at 2024-01-31 10:36:03 +0530
  [1m[36mActiveRecord::SchemaMigration Load (1.3ms)[0m  [1m[34mSELECT `schema_migrations`.`version` FROM `schema_migrations` ORDER BY `schema_migrations`.`version` ASC[0m
Processing by TestController#users as HTML
Completed 406 Not Acceptable in 1142ms (ActiveRecord: 0.0ms | Allocations: 2212)


  
ActionController::MissingExactTemplate (TestController#users is missing a template for request formats: text/html):
  
actionpack (7.1.3) lib/action_controller/metal/implicit_render.rb:47:in `default_render'
actionpack (7.1.3) lib/action_controller/metal/basic_implicit_render.rb:7:in `send_action'
actionpack (7.1.3) lib/abstract_controller/base.rb:224:in `process_action'
actionpack (7.1.3) lib/action_controller/metal/rendering.rb:165:in `process_action'
actionpack (7.1.3) lib/abstract_controller/callbacks.rb:259:in `block in process_action'
activesupport (7.1.3) lib/active_support/callbacks.rb:121:in `block in run_callbacks'
actiontext (7.1.3) lib/action_text/rendering.rb:23:in `with_renderer'
actiontext (7.1.3) lib/action_text/engine.rb:69:in `block (4 levels) in <class:Engine>'
activesupport (7.1.3) lib/active_support/callbacks.rb:130:in `instance_exec'
activesupport (7.1.3) lib/active_support/callbacks.rb:130:in `block in run_callbacks'
activesupport (7.1.3) lib/active_support/callbacks.rb:141:in `run_callbacks'
actionpack (7.1.3) lib/abstract_controller/callbacks.rb:258:in `process_action'
actionpack (7.1.3) lib/action_controller/metal/rescue.rb:25:in `process_action'
actionpack (7.1.3) lib/action_controller/metal/instrumentation.rb:74:in `block in process_action'
activesupport (7.1.3) lib/active_support/notifications.rb:206:in `block in instrument'
activesupport (7.1.3) lib/active_support/notifications/instrumenter.rb:58:in `instrument'
activesupport (7.1.3) lib/active_support/notifications.rb:206:in `instrument'
actionpack (7.1.3) lib/action_controller/metal/instrumentation.rb:73:in `process_action'
actionpack (7.1.3) lib/action_controller/metal/params_wrapper.rb:261:in `process_action'
activerecord (7.1.3) lib/active_record/railties/controller_runtime.rb:32:in `process_action'
actionpack (7.1.3) lib/abstract_controller/base.rb:160:in `process'
actionview (7.1.3) lib/action_view/rendering.rb:40:in `process'
actionpack (7.1.3) lib/action_controller/metal.rb:227:in `dispatch'
actionpack (7.1.3) lib/action_controller/metal.rb:309:in `dispatch'
actionpack (7.1.3) lib/action_dispatch/routing/route_set.rb:49:in `dispatch'
actionpack (7.1.3) lib/action_dispatch/routing/route_set.rb:32:in `serve'
actionpack (7.1.3) lib/action_dispatch/journey/router.rb:51:in `block in serve'
actionpack (7.1.3) lib/action_dispatch/journey/router.rb:131:in `block in find_routes'
actionpack (7.1.3) lib/action_dispatch/journey/router.rb:124:in `each'
actionpack (7.1.3) lib/action_dispatch/journey/router.rb:124:in `find_routes'
actionpack (7.1.3) lib/action_dispatch/journey/router.rb:32:in `serve'
actionpack (7.1.3) lib/action_dispatch/routing/route_set.rb:882:in `call'
rack (3.0.8) lib/rack/tempfile_reaper.rb:20:in `call'
rack (3.0.8) lib/rack/etag.rb:29:in `call'
rack (3.0.8) lib/rack/conditional_get.rb:31:in `call'
rack (3.0.8) lib/rack/head.rb:15:in `call'
actionpack (7.1.3) lib/action_dispatch/http/permissions_policy.rb:36:in `call'
actionpack (7.1.3) lib/action_dispatch/http/content_security_policy.rb:33:in `call'
rack-session (2.0.0) lib/rack/session/abstract/id.rb:272:in `context'
rack-session (2.0.0) lib/rack/session/abstract/id.rb:266:in `call'
actionpack (7.1.3) lib/action_dispatch/middleware/cookies.rb:689:in `call'
activerecord (7.1.3) lib/active_record/migration.rb:655:in `call'
actionpack (7.1.3) lib/action_dispatch/middleware/callbacks.rb:29:in `block in call'
activesupport (7.1.3) lib/active_support/callbacks.rb:101:in `run_callbacks'
actionpack (7.1.3) lib/action_dispatch/middleware/callbacks.rb:28:in `call'
actionpack (7.1.3) lib/action_dispatch/middleware/executor.rb:14:in `call'
actionpack (7.1.3) lib/action_dispatch/middleware/actionable_exceptions.rb:16:in `call'
actionpack (7.1.3) lib/action_dispatch/middleware/debug_exceptions.rb:29:in `call'
web-console (4.2.1) lib/web_console/middleware.rb:132:in `call_app'
web-console (4.2.1) lib/web_console/middleware.rb:28:in `block in call'
web-console (4.2.1) lib/web_console/middleware.rb:17:in `catch'
web-console (4.2.1) lib/web_console/middleware.rb:17:in `call'
actionpack (7.1.3) lib/action_dispatch/middleware/show_exceptions.rb:31:in `call'
railties (7.1.3) lib/rails/rack/logger.rb:37:in `call_app'
railties (7.1.3) lib/rails/rack/logger.rb:24:in `block in call'
activesupport (7.1.3) lib/active_support/tagged_logging.rb:135:in `block in tagged'
activesupport (7.1.3) lib/active_support/tagged_logging.rb:39:in `tagged'
activesupport (7.1.3) lib/active_support/tagged_logging.rb:135:in `tagged'
activesupport (7.1.3) lib/active_support/broadcast_logger.rb:240:in `method_missing'
railties (7.1.3) lib/rails/rack/logger.rb:24:in `call'
sprockets-rails (3.4.2) lib/sprockets/rails/quiet_assets.rb:13:in `call'
actionpack (7.1.3) lib/action_dispatch/middleware/remote_ip.rb:92:in `call'
actionpack (7.1.3) lib/action_dispatch/middleware/request_id.rb:28:in `call'
rack (3.0.8) lib/rack/method_override.rb:28:in `call'
rack (3.0.8) lib/rack/runtime.rb:24:in `call'
activesupport (7.1.3) lib/active_support/cache/strategy/local_cache_middleware.rb:29:in `call'
actionpack (7.1.3) lib/action_dispatch/middleware/server_timing.rb:59:in `block in call'
actionpack (7.1.3) lib/action_dispatch/middleware/server_timing.rb:24:in `collect_events'
actionpack (7.1.3) lib/action_dispatch/middleware/server_timing.rb:58:in `call'
actionpack (7.1.3) lib/action_dispatch/middleware/executor.rb:14:in `call'
actionpack (7.1.3) lib/action_dispatch/middleware/static.rb:25:in `call'
rack (3.0.8) lib/rack/sendfile.rb:114:in `call'
actionpack (7.1.3) lib/action_dispatch/middleware/host_authorization.rb:141:in `call'
railties (7.1.3) lib/rails/engine.rb:536:in `call'
puma (6.4.2) lib/puma/configuration.rb:272:in `call'
puma (6.4.2) lib/puma/request.rb:100:in `block in handle_request'
puma (6.4.2) lib/puma/thread_pool.rb:378:in `with_force_shutdown'
puma (6.4.2) lib/puma/request.rb:99:in `handle_request'
puma (6.4.2) lib/puma/server.rb:464:in `process_client'
puma (6.4.2) lib/puma/server.rb:245:in `block in run'
puma (6.4.2) lib/puma/thread_pool.rb:155:in `block in spawn_thread'
Started GET "/serviceworker.js" for ::1 at 2024-01-31 10:36:07 +0530
  
ActionController::RoutingError (No route matches [GET] "/serviceworker.js"):
  
